build/app/intermediates/manifest_merge_blame_file/debug/manifest-merger-blame-debug-report.txt
1<?xml version="1.0" encoding="utf-8"?>
2<manifest xmlns:android="http://schemas.android.com/apk/res/android"
3    package="com.mulaiajaduluid.huawei"
4    android:versionCode="1"
5    android:versionName="1.0.0" >
6
7    <uses-sdk
8        android:minSdkVersion="23"
9        android:targetSdkVersion="34" />
10    <!--
11         The INTERNET permission is required for development. Specifically,
12         the Flutter tool needs it to communicate with the running application
13         to allow setting breakpoints, to provide hot reload, etc.
14    -->
15    <uses-permission android:name="android.permission.INTERNET" />
15-->src/main/AndroidManifest.xml:2:1-63
15-->src/main/AndroidManifest.xml:2:18-60
16    <uses-permission android:name="android.permission.ACCESS_FINE_LOCATION" />
16-->src/main/AndroidManifest.xml:3:1-75
16-->src/main/AndroidManifest.xml:3:18-72
17    <uses-permission android:name="android.permission.ACCESS_COARSE_LOCATION" />
17-->src/main/AndroidManifest.xml:4:1-77
17-->src/main/AndroidManifest.xml:4:18-74
18    <uses-permission android:name="android.permission.RECEIVE_BOOT_COMPLETED" />
18-->src/main/AndroidManifest.xml:5:1-76
18-->src/main/AndroidManifest.xml:5:18-74
19    <uses-permission android:name="android.permission.WAKE_LOCK" />
19-->src/main/AndroidManifest.xml:6:1-63
19-->src/main/AndroidManifest.xml:6:18-61
20    <uses-permission android:name="android.permission.VIBRATE" />
20-->src/main/AndroidManifest.xml:7:1-62
20-->src/main/AndroidManifest.xml:7:18-59
21    <uses-permission android:name="android.permission.POST_NOTIFICATIONS" />
21-->src/main/AndroidManifest.xml:8:1-72
21-->src/main/AndroidManifest.xml:8:18-70
22    <!--
23 Required to query activities that can process text, see:
24         https://developer.android.com/training/package-visibility and
25         https://developer.android.com/reference/android/content/Intent#ACTION_PROCESS_TEXT.
26
27         In particular, this is used by the Flutter engine in io.flutter.plugin.text.ProcessTextPlugin.
28    -->
29    <queries>
29-->src/main/AndroidManifest.xml:46:5-51:15
30        <intent>
30-->src/main/AndroidManifest.xml:47:9-50:18
31            <action android:name="android.intent.action.PROCESS_TEXT" />
31-->src/main/AndroidManifest.xml:48:13-72
31-->src/main/AndroidManifest.xml:48:21-70
32
33            <data android:mimeType="text/plain" />
33-->src/main/AndroidManifest.xml:49:13-50
33-->src/main/AndroidManifest.xml:49:19-48
34        </intent>
35    </queries>
36
37    <uses-permission android:name="android.permission.ACCESS_NETWORK_STATE" /> <!-- Required by older versions of Google Play services to create IID tokens -->
37-->[:firebase_messaging] AndroidManifest.xml:9:5-79
37-->[:firebase_messaging] AndroidManifest.xml:9:22-76
38    <uses-permission android:name="com.google.android.c2dm.permission.RECEIVE" />
38-->[com.google.firebase:firebase-messaging:24.1.0] AndroidManifest.xml:26:5-82
38-->[com.google.firebase:firebase-messaging:24.1.0] AndroidManifest.xml:26:22-79
39    <uses-permission android:name="com.google.android.providers.gsf.permission.READ_GSERVICES" />
39-->[com.google.android.recaptcha:recaptcha:18.5.1] AndroidManifest.xml:9:5-98
39-->[com.google.android.recaptcha:recaptcha:18.5.1] AndroidManifest.xml:9:22-95
40    <uses-permission android:name="android.permission.FOREGROUND_SERVICE" />
40-->[androidx.work:work-runtime:2.8.1] AndroidManifest.xml:26:5-77
40-->[androidx.work:work-runtime:2.8.1] AndroidManifest.xml:26:22-74
41
42    <permission
42-->[androidx.core:core:1.13.1] AndroidManifest.xml:22:5-24:47
43        android:name="com.mulaiajaduluid.huawei.DYNAMIC_RECEIVER_NOT_EXPORTED_PERMISSION"
43-->[androidx.core:core:1.13.1] AndroidManifest.xml:23:9-81
44        android:protectionLevel="signature" />
44-->[androidx.core:core:1.13.1] AndroidManifest.xml:24:9-44
45
46    <uses-permission android:name="com.mulaiajaduluid.huawei.DYNAMIC_RECEIVER_NOT_EXPORTED_PERMISSION" />
46-->[androidx.core:core:1.13.1] AndroidManifest.xml:26:5-97
46-->[androidx.core:core:1.13.1] AndroidManifest.xml:26:22-94
47
48    <application
49        android:name="android.app.Application"
50        android:appComponentFactory="androidx.core.app.CoreComponentFactory"
50-->[androidx.core:core:1.13.1] AndroidManifest.xml:28:18-86
51        android:debuggable="true"
52        android:extractNativeLibs="false"
53        android:icon="@mipmap/ic_launcher"
54        android:label="mulaiajaduluid" >
55        <activity
56            android:name="com.mulaiajaduluid.huawei.MainActivity"
57            android:configChanges="orientation|keyboardHidden|keyboard|screenSize|smallestScreenSize|locale|layoutDirection|fontScale|screenLayout|density|uiMode"
58            android:exported="true"
59            android:hardwareAccelerated="true"
60            android:launchMode="singleTop"
61            android:taskAffinity=""
62            android:theme="@style/LaunchTheme"
63            android:windowSoftInputMode="adjustResize" >
64
65            <!--
66                 Specifies an Android theme to apply to this Activity as soon as
67                 the Android process has started. This theme is visible to the user
68                 while the Flutter UI initializes. After that, this theme continues
69                 to determine the Window background behind the Flutter UI.
70            -->
71            <meta-data
72                android:name="io.flutter.embedding.android.NormalTheme"
73                android:resource="@style/NormalTheme" />
74
75            <intent-filter>
76                <action android:name="android.intent.action.MAIN" />
77
78                <category android:name="android.intent.category.LAUNCHER" />
79            </intent-filter>
80        </activity>
81        <!--
82             Don't delete the meta-data below.
83             This is used by the Flutter tool to generate GeneratedPluginRegistrant.java
84        -->
85        <meta-data
86            android:name="flutterEmbedding"
87            android:value="2" />
88
89        <service
89-->[:cloud_firestore] AndroidManifest.xml:8:9-12:19
90            android:name="com.google.firebase.components.ComponentDiscoveryService"
90-->[:cloud_firestore] AndroidManifest.xml:8:18-89
91            android:directBootAware="true"
91-->[com.google.firebase:firebase-common:21.0.0] AndroidManifest.xml:32:13-43
92            android:exported="false" >
92-->[com.google.firebase:firebase-auth:23.1.0] AndroidManifest.xml:68:13-37
93            <meta-data
93-->[:cloud_firestore] AndroidManifest.xml:9:13-11:85
94                android:name="com.google.firebase.components:io.flutter.plugins.firebase.firestore.FlutterFirebaseFirestoreRegistrar"
94-->[:cloud_firestore] AndroidManifest.xml:10:17-134
95                android:value="com.google.firebase.components.ComponentRegistrar" />
95-->[:cloud_firestore] AndroidManifest.xml:11:17-82
96            <meta-data
96-->[:firebase_auth] AndroidManifest.xml:9:13-11:85
97                android:name="com.google.firebase.components:io.flutter.plugins.firebase.auth.FlutterFirebaseAuthRegistrar"
97-->[:firebase_auth] AndroidManifest.xml:10:17-124
98                android:value="com.google.firebase.components.ComponentRegistrar" />
98-->[:firebase_auth] AndroidManifest.xml:11:17-82
99            <meta-data
99-->[:firebase_dynamic_links] AndroidManifest.xml:11:13-13:85
100                android:name="com.google.firebase.components:io.flutter.plugins.firebase.dynamiclinks.FlutterFirebaseAppRegistrar"
100-->[:firebase_dynamic_links] AndroidManifest.xml:12:17-131
101                android:value="com.google.firebase.components.ComponentRegistrar" />
101-->[:firebase_dynamic_links] AndroidManifest.xml:13:17-82
102            <meta-data
102-->[:firebase_messaging] AndroidManifest.xml:36:13-38:85
103                android:name="com.google.firebase.components:io.flutter.plugins.firebase.messaging.FlutterFirebaseAppRegistrar"
103-->[:firebase_messaging] AndroidManifest.xml:37:17-128
104                android:value="com.google.firebase.components.ComponentRegistrar" />
104-->[:firebase_messaging] AndroidManifest.xml:38:17-82
105            <meta-data
105-->[:firebase_storage] AndroidManifest.xml:9:13-11:85
106                android:name="com.google.firebase.components:io.flutter.plugins.firebase.storage.FlutterFirebaseAppRegistrar"
106-->[:firebase_storage] AndroidManifest.xml:10:17-126
107                android:value="com.google.firebase.components.ComponentRegistrar" />
107-->[:firebase_storage] AndroidManifest.xml:11:17-82
108            <meta-data
108-->[:firebase_core] AndroidManifest.xml:9:13-11:85
109                android:name="com.google.firebase.components:io.flutter.plugins.firebase.core.FlutterFirebaseCoreRegistrar"
109-->[:firebase_core] AndroidManifest.xml:10:17-124
110                android:value="com.google.firebase.components.ComponentRegistrar" />
110-->[:firebase_core] AndroidManifest.xml:11:17-82
111            <meta-data
111-->[com.google.firebase:firebase-auth:23.1.0] AndroidManifest.xml:69:13-71:85
112                android:name="com.google.firebase.components:com.google.firebase.auth.FirebaseAuthRegistrar"
112-->[com.google.firebase:firebase-auth:23.1.0] AndroidManifest.xml:70:17-109
113                android:value="com.google.firebase.components.ComponentRegistrar" />
113-->[com.google.firebase:firebase-auth:23.1.0] AndroidManifest.xml:71:17-82
114            <meta-data
114-->[com.google.firebase:firebase-firestore:25.1.1] AndroidManifest.xml:17:13-19:85
115                android:name="com.google.firebase.components:com.google.firebase.firestore.FirebaseFirestoreKtxRegistrar"
115-->[com.google.firebase:firebase-firestore:25.1.1] AndroidManifest.xml:18:17-122
116                android:value="com.google.firebase.components.ComponentRegistrar" />
116-->[com.google.firebase:firebase-firestore:25.1.1] AndroidManifest.xml:19:17-82
117            <meta-data
117-->[com.google.firebase:firebase-firestore:25.1.1] AndroidManifest.xml:20:13-22:85
118                android:name="com.google.firebase.components:com.google.firebase.firestore.FirestoreRegistrar"
118-->[com.google.firebase:firebase-firestore:25.1.1] AndroidManifest.xml:21:17-111
119                android:value="com.google.firebase.components.ComponentRegistrar" />
119-->[com.google.firebase:firebase-firestore:25.1.1] AndroidManifest.xml:22:17-82
120            <meta-data
120-->[com.google.firebase:firebase-messaging:24.1.0] AndroidManifest.xml:57:13-59:85
121                android:name="com.google.firebase.components:com.google.firebase.messaging.FirebaseMessagingKtxRegistrar"
121-->[com.google.firebase:firebase-messaging:24.1.0] AndroidManifest.xml:58:17-122
122                android:value="com.google.firebase.components.ComponentRegistrar" />
122-->[com.google.firebase:firebase-messaging:24.1.0] AndroidManifest.xml:59:17-82
123            <meta-data
123-->[com.google.firebase:firebase-messaging:24.1.0] AndroidManifest.xml:60:13-62:85
124                android:name="com.google.firebase.components:com.google.firebase.messaging.FirebaseMessagingRegistrar"
124-->[com.google.firebase:firebase-messaging:24.1.0] AndroidManifest.xml:61:17-119
125                android:value="com.google.firebase.components.ComponentRegistrar" />
125-->[com.google.firebase:firebase-messaging:24.1.0] AndroidManifest.xml:62:17-82
126            <meta-data
126-->[com.google.firebase:firebase-dynamic-links:22.1.0] AndroidManifest.xml:24:13-26:85
127                android:name="com.google.firebase.components:com.google.firebase.dynamiclinks.FirebaseDynamicLinksKtxRegistrar"
127-->[com.google.firebase:firebase-dynamic-links:22.1.0] AndroidManifest.xml:25:17-128
128                android:value="com.google.firebase.components.ComponentRegistrar" />
128-->[com.google.firebase:firebase-dynamic-links:22.1.0] AndroidManifest.xml:26:17-82
129            <meta-data
129-->[com.google.firebase:firebase-dynamic-links:22.1.0] AndroidManifest.xml:27:13-29:85
130                android:name="com.google.firebase.components:com.google.firebase.dynamiclinks.internal.FirebaseDynamicLinkRegistrar"
130-->[com.google.firebase:firebase-dynamic-links:22.1.0] AndroidManifest.xml:28:17-133
131                android:value="com.google.firebase.components.ComponentRegistrar" />
131-->[com.google.firebase:firebase-dynamic-links:22.1.0] AndroidManifest.xml:29:17-82
132            <meta-data
132-->[com.google.firebase:firebase-storage:21.0.1] AndroidManifest.xml:30:13-32:85
133                android:name="com.google.firebase.components:com.google.firebase.storage.FirebaseStorageKtxRegistrar"
133-->[com.google.firebase:firebase-storage:21.0.1] AndroidManifest.xml:31:17-118
134                android:value="com.google.firebase.components.ComponentRegistrar" />
134-->[com.google.firebase:firebase-storage:21.0.1] AndroidManifest.xml:32:17-82
135            <meta-data
135-->[com.google.firebase:firebase-storage:21.0.1] AndroidManifest.xml:33:13-35:85
136                android:name="com.google.firebase.components:com.google.firebase.storage.StorageRegistrar"
136-->[com.google.firebase:firebase-storage:21.0.1] AndroidManifest.xml:34:17-107
137                android:value="com.google.firebase.components.ComponentRegistrar" />
137-->[com.google.firebase:firebase-storage:21.0.1] AndroidManifest.xml:35:17-82
138            <meta-data
138-->[com.google.firebase:firebase-appcheck:18.0.0] AndroidManifest.xml:25:13-27:85
139                android:name="com.google.firebase.components:com.google.firebase.appcheck.FirebaseAppCheckKtxRegistrar"
139-->[com.google.firebase:firebase-appcheck:18.0.0] AndroidManifest.xml:26:17-120
140                android:value="com.google.firebase.components.ComponentRegistrar" />
140-->[com.google.firebase:firebase-appcheck:18.0.0] AndroidManifest.xml:27:17-82
141            <meta-data
141-->[com.google.firebase:firebase-appcheck:18.0.0] AndroidManifest.xml:28:13-30:85
142                android:name="com.google.firebase.components:com.google.firebase.appcheck.FirebaseAppCheckRegistrar"
142-->[com.google.firebase:firebase-appcheck:18.0.0] AndroidManifest.xml:29:17-117
143                android:value="com.google.firebase.components.ComponentRegistrar" />
143-->[com.google.firebase:firebase-appcheck:18.0.0] AndroidManifest.xml:30:17-82
144            <meta-data
144-->[com.google.firebase:firebase-installations:18.0.0] AndroidManifest.xml:15:13-17:85
145                android:name="com.google.firebase.components:com.google.firebase.installations.FirebaseInstallationsKtxRegistrar"
145-->[com.google.firebase:firebase-installations:18.0.0] AndroidManifest.xml:16:17-130
146                android:value="com.google.firebase.components.ComponentRegistrar" />
146-->[com.google.firebase:firebase-installations:18.0.0] AndroidManifest.xml:17:17-82
147            <meta-data
147-->[com.google.firebase:firebase-installations:18.0.0] AndroidManifest.xml:18:13-20:85
148                android:name="com.google.firebase.components:com.google.firebase.installations.FirebaseInstallationsRegistrar"
148-->[com.google.firebase:firebase-installations:18.0.0] AndroidManifest.xml:19:17-127
149                android:value="com.google.firebase.components.ComponentRegistrar" />
149-->[com.google.firebase:firebase-installations:18.0.0] AndroidManifest.xml:20:17-82
150            <meta-data
150-->[com.google.firebase:firebase-common-ktx:21.0.0] AndroidManifest.xml:12:13-14:85
151                android:name="com.google.firebase.components:com.google.firebase.ktx.FirebaseCommonLegacyRegistrar"
151-->[com.google.firebase:firebase-common-ktx:21.0.0] AndroidManifest.xml:13:17-116
152                android:value="com.google.firebase.components.ComponentRegistrar" />
152-->[com.google.firebase:firebase-common-ktx:21.0.0] AndroidManifest.xml:14:17-82
153            <meta-data
153-->[com.google.firebase:firebase-common:21.0.0] AndroidManifest.xml:35:13-37:85
154                android:name="com.google.firebase.components:com.google.firebase.FirebaseCommonKtxRegistrar"
154-->[com.google.firebase:firebase-common:21.0.0] AndroidManifest.xml:36:17-109
155                android:value="com.google.firebase.components.ComponentRegistrar" />
155-->[com.google.firebase:firebase-common:21.0.0] AndroidManifest.xml:37:17-82
156            <meta-data
156-->[com.google.firebase:firebase-datatransport:18.2.0] AndroidManifest.xml:25:13-27:85
157                android:name="com.google.firebase.components:com.google.firebase.datatransport.TransportRegistrar"
157-->[com.google.firebase:firebase-datatransport:18.2.0] AndroidManifest.xml:26:17-115
158                android:value="com.google.firebase.components.ComponentRegistrar" />
158-->[com.google.firebase:firebase-datatransport:18.2.0] AndroidManifest.xml:27:17-82
159        </service>
160        <service
160-->[:firebase_messaging] AndroidManifest.xml:14:9-17:72
161            android:name="io.flutter.plugins.firebase.messaging.FlutterFirebaseMessagingBackgroundService"
161-->[:firebase_messaging] AndroidManifest.xml:15:13-107
162            android:exported="false"
162-->[:firebase_messaging] AndroidManifest.xml:16:13-37
163            android:permission="android.permission.BIND_JOB_SERVICE" />
163-->[:firebase_messaging] AndroidManifest.xml:17:13-69
164        <service
164-->[:firebase_messaging] AndroidManifest.xml:18:9-24:19
165            android:name="io.flutter.plugins.firebase.messaging.FlutterFirebaseMessagingService"
165-->[:firebase_messaging] AndroidManifest.xml:19:13-97
166            android:exported="false" >
166-->[:firebase_messaging] AndroidManifest.xml:20:13-37
167            <intent-filter>
167-->[:firebase_messaging] AndroidManifest.xml:21:13-23:29
168                <action android:name="com.google.firebase.MESSAGING_EVENT" />
168-->[:firebase_messaging] AndroidManifest.xml:22:17-78
168-->[:firebase_messaging] AndroidManifest.xml:22:25-75
169            </intent-filter>
170        </service>
171
172        <receiver
172-->[:firebase_messaging] AndroidManifest.xml:26:9-33:20
173            android:name="io.flutter.plugins.firebase.messaging.FlutterFirebaseMessagingReceiver"
173-->[:firebase_messaging] AndroidManifest.xml:27:13-98
174            android:exported="true"
174-->[:firebase_messaging] AndroidManifest.xml:28:13-36
175            android:permission="com.google.android.c2dm.permission.SEND" >
175-->[:firebase_messaging] AndroidManifest.xml:29:13-73
176            <intent-filter>
176-->[:firebase_messaging] AndroidManifest.xml:30:13-32:29
177                <action android:name="com.google.android.c2dm.intent.RECEIVE" />
177-->[:firebase_messaging] AndroidManifest.xml:31:17-81
177-->[:firebase_messaging] AndroidManifest.xml:31:25-78
178            </intent-filter>
179        </receiver>
180
181        <provider
181-->[:firebase_messaging] AndroidManifest.xml:41:9-45:38
182            android:name="io.flutter.plugins.firebase.messaging.FlutterFirebaseMessagingInitProvider"
182-->[:firebase_messaging] AndroidManifest.xml:42:13-102
183            android:authorities="com.mulaiajaduluid.huawei.flutterfirebasemessaginginitprovider"
183-->[:firebase_messaging] AndroidManifest.xml:43:13-88
184            android:exported="false"
184-->[:firebase_messaging] AndroidManifest.xml:44:13-37
185            android:initOrder="99" />
185-->[:firebase_messaging] AndroidManifest.xml:45:13-35
186        <provider
186-->[:image_picker_android] AndroidManifest.xml:9:9-17:20
187            android:name="io.flutter.plugins.imagepicker.ImagePickerFileProvider"
187-->[:image_picker_android] AndroidManifest.xml:10:13-82
188            android:authorities="com.mulaiajaduluid.huawei.flutter.image_provider"
188-->[:image_picker_android] AndroidManifest.xml:11:13-74
189            android:exported="false"
189-->[:image_picker_android] AndroidManifest.xml:12:13-37
190            android:grantUriPermissions="true" >
190-->[:image_picker_android] AndroidManifest.xml:13:13-47
191            <meta-data
191-->[:image_picker_android] AndroidManifest.xml:14:13-16:75
192                android:name="android.support.FILE_PROVIDER_PATHS"
192-->[:image_picker_android] AndroidManifest.xml:15:17-67
193                android:resource="@xml/flutter_image_picker_file_paths" />
193-->[:image_picker_android] AndroidManifest.xml:16:17-72
194        </provider> <!-- Trigger Google Play services to install the backported photo picker module. -->
195        <service
195-->[:image_picker_android] AndroidManifest.xml:19:9-31:19
196            android:name="com.google.android.gms.metadata.ModuleDependencies"
196-->[:image_picker_android] AndroidManifest.xml:20:13-78
197            android:enabled="false"
197-->[:image_picker_android] AndroidManifest.xml:21:13-36
198            android:exported="false" >
198-->[:image_picker_android] AndroidManifest.xml:22:13-37
199            <intent-filter>
199-->[:image_picker_android] AndroidManifest.xml:24:13-26:29
200                <action android:name="com.google.android.gms.metadata.MODULE_DEPENDENCIES" />
200-->[:image_picker_android] AndroidManifest.xml:25:17-94
200-->[:image_picker_android] AndroidManifest.xml:25:25-91
201            </intent-filter>
202
203            <meta-data
203-->[:image_picker_android] AndroidManifest.xml:28:13-30:36
204                android:name="photopicker_activity:0:required"
204-->[:image_picker_android] AndroidManifest.xml:29:17-63
205                android:value="" />
205-->[:image_picker_android] AndroidManifest.xml:30:17-33
206        </service>
207        <service
207-->[:geolocator_android] AndroidManifest.xml:8:9-12:56
208            android:name="com.baseflow.geolocator.GeolocatorLocationService"
208-->[:geolocator_android] AndroidManifest.xml:9:13-77
209            android:enabled="true"
209-->[:geolocator_android] AndroidManifest.xml:10:13-35
210            android:exported="false"
210-->[:geolocator_android] AndroidManifest.xml:11:13-37
211            android:foregroundServiceType="location" />
211-->[:geolocator_android] AndroidManifest.xml:12:13-53
212        <service
212-->[:location] AndroidManifest.xml:11:9-15:56
213            android:name="com.lyokone.location.FlutterLocationService"
213-->[:location] AndroidManifest.xml:12:13-71
214            android:enabled="true"
214-->[:location] AndroidManifest.xml:13:13-35
215            android:exported="false"
215-->[:location] AndroidManifest.xml:14:13-37
216            android:foregroundServiceType="location" />
216-->[:location] AndroidManifest.xml:15:13-53
217
218        <activity
218-->[com.google.firebase:firebase-auth:23.1.0] AndroidManifest.xml:29:9-46:20
219            android:name="com.google.firebase.auth.internal.GenericIdpActivity"
219-->[com.google.firebase:firebase-auth:23.1.0] AndroidManifest.xml:30:13-80
220            android:excludeFromRecents="true"
220-->[com.google.firebase:firebase-auth:23.1.0] AndroidManifest.xml:31:13-46
221            android:exported="true"
221-->[com.google.firebase:firebase-auth:23.1.0] AndroidManifest.xml:32:13-36
222            android:launchMode="singleTask"
222-->[com.google.firebase:firebase-auth:23.1.0] AndroidManifest.xml:33:13-44
223            android:theme="@android:style/Theme.Translucent.NoTitleBar" >
223-->[com.google.firebase:firebase-auth:23.1.0] AndroidManifest.xml:34:13-72
224            <intent-filter>
224-->[com.google.firebase:firebase-auth:23.1.0] AndroidManifest.xml:35:13-45:29
225                <action android:name="android.intent.action.VIEW" />
225-->[com.google.firebase:firebase-auth:23.1.0] AndroidManifest.xml:36:17-69
225-->[com.google.firebase:firebase-auth:23.1.0] AndroidManifest.xml:36:25-66
226
227                <category android:name="android.intent.category.DEFAULT" />
227-->[com.google.firebase:firebase-auth:23.1.0] AndroidManifest.xml:38:17-76
227-->[com.google.firebase:firebase-auth:23.1.0] AndroidManifest.xml:38:27-73
228                <category android:name="android.intent.category.BROWSABLE" />
228-->[com.google.firebase:firebase-auth:23.1.0] AndroidManifest.xml:39:17-78
228-->[com.google.firebase:firebase-auth:23.1.0] AndroidManifest.xml:39:27-75
229
230                <data
230-->src/main/AndroidManifest.xml:49:13-50
231                    android:host="firebase.auth"
232                    android:path="/"
233                    android:scheme="genericidp" />
234            </intent-filter>
235        </activity>
236        <activity
236-->[com.google.firebase:firebase-auth:23.1.0] AndroidManifest.xml:47:9-64:20
237            android:name="com.google.firebase.auth.internal.RecaptchaActivity"
237-->[com.google.firebase:firebase-auth:23.1.0] AndroidManifest.xml:48:13-79
238            android:excludeFromRecents="true"
238-->[com.google.firebase:firebase-auth:23.1.0] AndroidManifest.xml:49:13-46
239            android:exported="true"
239-->[com.google.firebase:firebase-auth:23.1.0] AndroidManifest.xml:50:13-36
240            android:launchMode="singleTask"
240-->[com.google.firebase:firebase-auth:23.1.0] AndroidManifest.xml:51:13-44
241            android:theme="@android:style/Theme.Translucent.NoTitleBar" >
241-->[com.google.firebase:firebase-auth:23.1.0] AndroidManifest.xml:52:13-72
242            <intent-filter>
242-->[com.google.firebase:firebase-auth:23.1.0] AndroidManifest.xml:53:13-63:29
243                <action android:name="android.intent.action.VIEW" />
243-->[com.google.firebase:firebase-auth:23.1.0] AndroidManifest.xml:36:17-69
243-->[com.google.firebase:firebase-auth:23.1.0] AndroidManifest.xml:36:25-66
244
245                <category android:name="android.intent.category.DEFAULT" />
245-->[com.google.firebase:firebase-auth:23.1.0] AndroidManifest.xml:38:17-76
245-->[com.google.firebase:firebase-auth:23.1.0] AndroidManifest.xml:38:27-73
246                <category android:name="android.intent.category.BROWSABLE" />
246-->[com.google.firebase:firebase-auth:23.1.0] AndroidManifest.xml:39:17-78
246-->[com.google.firebase:firebase-auth:23.1.0] AndroidManifest.xml:39:27-75
247
248                <data
248-->src/main/AndroidManifest.xml:49:13-50
249                    android:host="firebase.auth"
250                    android:path="/"
251                    android:scheme="recaptcha" />
252            </intent-filter>
253        </activity>
254
255        <service
255-->[androidx.credentials:credentials-play-services-auth:1.2.0-rc01] AndroidManifest.xml:24:9-32:19
256            android:name="androidx.credentials.playservices.CredentialProviderMetadataHolder"
256-->[androidx.credentials:credentials-play-services-auth:1.2.0-rc01] AndroidManifest.xml:25:13-94
257            android:enabled="true"
257-->[androidx.credentials:credentials-play-services-auth:1.2.0-rc01] AndroidManifest.xml:26:13-35
258            android:exported="false" >
258-->[androidx.credentials:credentials-play-services-auth:1.2.0-rc01] AndroidManifest.xml:27:13-37
259            <meta-data
259-->[androidx.credentials:credentials-play-services-auth:1.2.0-rc01] AndroidManifest.xml:29:13-31:104
260                android:name="androidx.credentials.CREDENTIAL_PROVIDER_KEY"
260-->[androidx.credentials:credentials-play-services-auth:1.2.0-rc01] AndroidManifest.xml:30:17-76
261                android:value="androidx.credentials.playservices.CredentialProviderPlayServicesImpl" />
261-->[androidx.credentials:credentials-play-services-auth:1.2.0-rc01] AndroidManifest.xml:31:17-101
262        </service>
263
264        <activity
264-->[androidx.credentials:credentials-play-services-auth:1.2.0-rc01] AndroidManifest.xml:34:9-41:20
265            android:name="androidx.credentials.playservices.HiddenActivity"
265-->[androidx.credentials:credentials-play-services-auth:1.2.0-rc01] AndroidManifest.xml:35:13-76
266            android:configChanges="orientation|screenSize|screenLayout|keyboardHidden"
266-->[androidx.credentials:credentials-play-services-auth:1.2.0-rc01] AndroidManifest.xml:36:13-87
267            android:enabled="true"
267-->[androidx.credentials:credentials-play-services-auth:1.2.0-rc01] AndroidManifest.xml:37:13-35
268            android:exported="false"
268-->[androidx.credentials:credentials-play-services-auth:1.2.0-rc01] AndroidManifest.xml:38:13-37
269            android:fitsSystemWindows="true"
269-->[androidx.credentials:credentials-play-services-auth:1.2.0-rc01] AndroidManifest.xml:39:13-45
270            android:theme="@style/Theme.Hidden" >
270-->[androidx.credentials:credentials-play-services-auth:1.2.0-rc01] AndroidManifest.xml:40:13-48
271        </activity>
272        <activity
272-->[com.google.android.gms:play-services-auth:21.0.0] AndroidManifest.xml:23:9-27:75
273            android:name="com.google.android.gms.auth.api.signin.internal.SignInHubActivity"
273-->[com.google.android.gms:play-services-auth:21.0.0] AndroidManifest.xml:24:13-93
274            android:excludeFromRecents="true"
274-->[com.google.android.gms:play-services-auth:21.0.0] AndroidManifest.xml:25:13-46
275            android:exported="false"
275-->[com.google.android.gms:play-services-auth:21.0.0] AndroidManifest.xml:26:13-37
276            android:theme="@android:style/Theme.Translucent.NoTitleBar" />
276-->[com.google.android.gms:play-services-auth:21.0.0] AndroidManifest.xml:27:13-72
277        <!--
278            Service handling Google Sign-In user revocation. For apps that do not integrate with
279            Google Sign-In, this service will never be started.
280        -->
281        <service
281-->[com.google.android.gms:play-services-auth:21.0.0] AndroidManifest.xml:33:9-37:51
282            android:name="com.google.android.gms.auth.api.signin.RevocationBoundService"
282-->[com.google.android.gms:play-services-auth:21.0.0] AndroidManifest.xml:34:13-89
283            android:exported="true"
283-->[com.google.android.gms:play-services-auth:21.0.0] AndroidManifest.xml:35:13-36
284            android:permission="com.google.android.gms.auth.api.signin.permission.REVOCATION_NOTIFICATION"